<?xml version="1.0" encoding="UTF-8"?>
<Site BuildName="(empty)"
	BuildStamp="20250101-0219-Experimental"
	Name="noetic"
	Generator="ctest-3.16.3"
	CompilerName="/usr/bin/g++"
	CompilerVersion="9.4.0"
	OSName="Linux"
	Hostname="noetic"
	OSRelease="5.15.0-127-generic"
	OSVersion="#137~20.04.1-Ubuntu SMP Fri Nov 15 14:46:54 UTC 2024"
	OSPlatform="x86_64"
	Is64Bits="1"
	VendorString="GenuineIntel"
	VendorID="Intel Corporation"
	FamilyID="6"
	ModelID="183"
	ProcessorCacheSize="36864"
	NumberOfLogicalCPU="32"
	NumberOfPhysicalCPU="24"
	TotalVirtualMemory="32901"
	TotalPhysicalMemory="15687"
	LogicalProcessorsPerPhysical="1"
	ProcessorClockFrequency="2500.05"
	>
	<Testing>
		<StartDateTime>Jan 01 10:21 CST</StartDateTime>
		<StartTestTime>1735698097</StartTestTime>
		<TestList/>
		<EndDateTime>Jan 01 10:21 CST</EndDateTime>
		<EndTestTime>1735698097</EndTestTime>
		<ElapsedMinutes>0</ElapsedMinutes>
	</Testing>
</Site>
